Copyright 1986-2020 Xilinx, Inc. All Rights Reserved.
------------------------------------------------------------------------------------------------
| Tool Version : Vivado v.2020.2 (win64) Build 3064766 Wed Nov 18 09:12:45 MST 2020
| Date         : Tue Jul 29 11:41:17 2025
| Host         : DESKTOP-7CFQ9ND running 64-bit major release  (build 9200)
| Command      : report_control_sets -verbose -file OV7640_HDMI_Display_control_sets_placed.rpt
| Design       : OV7640_HDMI_Display
| Device       : xc7z020
------------------------------------------------------------------------------------------------

Control Set Information

Table of Contents
-----------------
1. Summary
2. Histogram
3. Flip-Flop Distribution
4. Detailed Control Set Information

1. Summary
----------

+----------------------------------------------------------+-------+
|                          Status                          | Count |
+----------------------------------------------------------+-------+
| Total control sets                                       |   291 |
|    Minimum number of control sets                        |   291 |
|    Addition due to synthesis replication                 |     0 |
|    Addition due to physical synthesis replication        |     0 |
| Unused register locations in slices containing registers |   847 |
+----------------------------------------------------------+-------+
* Control sets can be merged at opt_design using control_set_merge or merge_equivalent_drivers
** Run report_qor_suggestions for automated merging and remapping suggestions


2. Histogram
------------

+--------------------+-------+
|       Fanout       | Count |
+--------------------+-------+
| Total control sets |   291 |
| >= 0 to < 4        |     0 |
| >= 4 to < 6        |     5 |
| >= 6 to < 8        |     1 |
| >= 8 to < 10       |     6 |
| >= 10 to < 12      |     3 |
| >= 12 to < 14      |   257 |
| >= 14 to < 16      |     2 |
| >= 16              |    17 |
+--------------------+-------+
* Control sets can be remapped at either synth_design or opt_design


3. Flip-Flop Distribution
-------------------------

+--------------+-----------------------+------------------------+-----------------+--------------+
| Clock Enable | Synchronous Set/Reset | Asynchronous Set/Reset | Total Registers | Total Slices |
+--------------+-----------------------+------------------------+-----------------+--------------+
| No           | No                    | No                     |              70 |           28 |
| No           | No                    | Yes                    |              65 |           26 |
| No           | Yes                   | No                     |              59 |           23 |
| Yes          | No                    | No                     |               0 |            0 |
| Yes          | No                    | Yes                    |             482 |          143 |
| Yes          | Yes                   | No                     |            3389 |         1856 |
+--------------+-----------------------+------------------------+-----------------+--------------+


4. Detailed Control Set Information
-----------------------------------

+--------------------------------+---------------------------------------------------------------------+-------------------------------------+------------------+----------------+--------------+
|          Clock Signal          |                            Enable Signal                            |           Set/Reset Signal          | Slice Load Count | Bel Load Count | Bels / Slice |
+--------------------------------+---------------------------------------------------------------------+-------------------------------------+------------------+----------------+--------------+
|  U_HDMI_TX_TOP/clk_TMDS        |                                                                     | U_HDMI_TX_TOP/TMDS_mod10[3]_i_1_n_0 |                1 |              4 |         4.00 |
|  U_HDMI_TX_TOP/rclk            |                                                                     | U_HDMI_TX_TOP/is_frame_area         |                1 |              4 |         4.00 |
|  U_HDMI_TX_TOP/rclk            |                                                                     | U_HDMI_TX_TOP/red[3]_i_1_n_0        |                1 |              4 |         4.00 |
|  clk_IBUF_BUFG                 | U_SCCB_intf/U_SCCB/bit_cnt_next                                     | reset_IBUF                          |                1 |              4 |         4.00 |
|  clk_IBUF_BUFG                 | U_SCCB_intf/U_SCCB/FSM_sequential_state[4]_i_1_n_0                  | reset_IBUF                          |                2 |              5 |         2.50 |
|  clk_IBUF_BUFG                 |                                                                     |                                     |                6 |              7 |         1.17 |
|  ov7670_pclk_ff_BUFG           | U_OV7670_MemController/v_counter0                                   | reset_IBUF                          |                3 |              8 |         2.67 |
|  ov7670_pclk_ff_BUFG           | U_OV7670_MemController/pix_data[15]_i_1_n_0                         | reset_IBUF                          |                2 |              8 |         4.00 |
|  U_btn_debounce2/r_1mhz        |                                                                     | reset_IBUF                          |                3 |              8 |         2.67 |
|  ov7670_pclk_ff_BUFG           | U_OV7670_MemController/pix_data[7]                                  | reset_IBUF                          |                1 |              8 |         8.00 |
|  clk_IBUF_BUFG                 | U_SCCB_intf/U_SCCB/addr_next                                        | reset_IBUF                          |                3 |              8 |         2.67 |
|  U_btn_debounce/r_1mhz_reg_n_0 |                                                                     | reset_IBUF                          |                2 |              8 |         4.00 |
|  ov7670_pclk_ff_BUFG           | U_MeanShiftCore/U_MeanShift_ControlUnit/x_next_1                    | reset_IBUF                          |                5 |             10 |         2.00 |
|  ov7670_pclk_ff_BUFG           | U_MeanShiftCore/U_MeanShift_ControlUnit/y_next_0                    | reset_IBUF                          |                4 |             10 |         2.50 |
|  clk_IBUF_BUFG                 | U_SCCB_intf/U_SCCB/clk_cnt_next                                     | reset_IBUF                          |                5 |             11 |         2.20 |
|  ov7670_pclk_ff_BUFG           | U_Histogram/U_Histogram_Control_Unit/hue_count_reg[142][12]_i_1_n_0 | reset_IBUF                          |                7 |             13 |         1.86 |
|  ov7670_pclk_ff_BUFG           | U_OV7670_MemController/FSM_sequential_state_reg[0]_rep__1_11[0]     | reset_IBUF                          |                9 |             13 |         1.44 |
|  ov7670_pclk_ff_BUFG           | U_OV7670_MemController/FSM_sequential_state_reg[0]_rep__0_41[0]     | reset_IBUF                          |                7 |             13 |         1.86 |
|  ov7670_pclk_ff_BUFG           | U_OV7670_MemController/FSM_sequential_state_reg[0]_rep__1_21[0]     | reset_IBUF                          |                4 |             13 |         3.25 |
|  ov7670_pclk_ff_BUFG           | U_Histogram/U_Histogram_Control_Unit/hue_count_reg[108][12]_i_1_n_0 | reset_IBUF                          |                6 |             13 |         2.17 |
|  ov7670_pclk_ff_BUFG           | U_Histogram/U_Histogram_Control_Unit/hue_count_reg[116][12]_i_1_n_0 | reset_IBUF                          |                6 |             13 |         2.17 |
|  ov7670_pclk_ff_BUFG           | U_Histogram/U_Histogram_Control_Unit/hue_count_reg[10][12]_i_1_n_0  | reset_IBUF                          |                7 |             13 |         1.86 |
|  ov7670_pclk_ff_BUFG           | U_Histogram/U_Histogram_Control_Unit/hue_count_reg[11][12]_i_1_n_0  | reset_IBUF                          |                4 |             13 |         3.25 |
|  ov7670_pclk_ff_BUFG           | U_Histogram/U_Histogram_Control_Unit/hue_count_reg[127][12]_i_1_n_0 | reset_IBUF                          |               11 |             13 |         1.18 |
|  ov7670_pclk_ff_BUFG           | U_Histogram/U_Histogram_Control_Unit/hue_count_reg[105][12]_i_1_n_0 | reset_IBUF                          |                7 |             13 |         1.86 |
|  ov7670_pclk_ff_BUFG           | U_Histogram/U_Histogram_Control_Unit/hue_count_reg[120][12]_i_1_n_0 | reset_IBUF                          |                7 |             13 |         1.86 |
|  ov7670_pclk_ff_BUFG           | U_Histogram/U_Histogram_Control_Unit/hue_count_reg[101][12]_i_1_n_0 | reset_IBUF                          |                7 |             13 |         1.86 |
|  ov7670_pclk_ff_BUFG           | U_Histogram/U_Histogram_Control_Unit/hue_count_reg[102][12]_i_1_n_0 | reset_IBUF                          |                6 |             13 |         2.17 |
|  ov7670_pclk_ff_BUFG           | U_Histogram/U_Histogram_Control_Unit/hue_count_reg[112][12]_i_1_n_0 | reset_IBUF                          |                6 |             13 |         2.17 |
|  ov7670_pclk_ff_BUFG           | U_Histogram/U_Histogram_Control_Unit/hue_count_reg[114][12]_i_1_n_0 | reset_IBUF                          |                5 |             13 |         2.60 |
|  ov7670_pclk_ff_BUFG           | U_Histogram/U_Histogram_Control_Unit/hue_count_reg[106][12]_i_1_n_0 | reset_IBUF                          |                7 |             13 |         1.86 |
|  ov7670_pclk_ff_BUFG           | U_Histogram/U_Histogram_Control_Unit/hue_count_reg[113][12]_i_1_n_0 | reset_IBUF                          |                6 |             13 |         2.17 |
|  ov7670_pclk_ff_BUFG           | U_Histogram/U_Histogram_Control_Unit/hue_count_reg[147][12]_i_1_n_0 | reset_IBUF                          |                4 |             13 |         3.25 |
|  ov7670_pclk_ff_BUFG           | U_Histogram/U_Histogram_Control_Unit/hue_count_reg[153][12]_i_1_n_0 | reset_IBUF                          |                8 |             13 |         1.62 |
|  ov7670_pclk_ff_BUFG           | U_Histogram/U_Histogram_Control_Unit/hue_count_reg[145][12]_i_1_n_0 | reset_IBUF                          |                9 |             13 |         1.44 |
|  ov7670_pclk_ff_BUFG           | U_Histogram/U_Histogram_Control_Unit/hue_count_reg[150][12]_i_1_n_0 | reset_IBUF                          |                6 |             13 |         2.17 |
|  ov7670_pclk_ff_BUFG           | U_Histogram/U_Histogram_Control_Unit/hue_count_reg[161][12]_i_1_n_0 | reset_IBUF                          |                7 |             13 |         1.86 |
|  ov7670_pclk_ff_BUFG           | U_Histogram/U_Histogram_Control_Unit/hue_count_reg[163][12]_i_1_n_0 | reset_IBUF                          |                8 |             13 |         1.62 |
|  ov7670_pclk_ff_BUFG           | U_Histogram/U_Histogram_Control_Unit/hue_count_reg[213][12]_i_1_n_0 | reset_IBUF                          |                4 |             13 |         3.25 |
|  ov7670_pclk_ff_BUFG           | U_Histogram/U_Histogram_Control_Unit/hue_count_reg[170][12]_i_1_n_0 | reset_IBUF                          |                7 |             13 |         1.86 |
|  ov7670_pclk_ff_BUFG           | U_Histogram/U_Histogram_Control_Unit/hue_count_reg[141][12]_i_1_n_0 | reset_IBUF                          |                9 |             13 |         1.44 |
|  ov7670_pclk_ff_BUFG           | U_Histogram/U_Histogram_Control_Unit/hue_count_reg[167][12]_i_1_n_0 | reset_IBUF                          |                6 |             13 |         2.17 |
|  ov7670_pclk_ff_BUFG           | U_Histogram/U_Histogram_Control_Unit/hue_count_reg[139][12]_i_1_n_0 | reset_IBUF                          |                7 |             13 |         1.86 |
|  ov7670_pclk_ff_BUFG           | U_Histogram/U_Histogram_Control_Unit/hue_count_reg[154][12]_i_1_n_0 | reset_IBUF                          |                6 |             13 |         2.17 |
|  ov7670_pclk_ff_BUFG           | U_Histogram/U_Histogram_Control_Unit/hue_count_reg[12][12]_i_1_n_0  | reset_IBUF                          |                4 |             13 |         3.25 |
|  ov7670_pclk_ff_BUFG           | U_Histogram/U_Histogram_Control_Unit/hue_count_reg[136][12]_i_1_n_0 | reset_IBUF                          |                9 |             13 |         1.44 |
|  ov7670_pclk_ff_BUFG           | U_Histogram/U_Histogram_Control_Unit/hue_count_reg[165][12]_i_1_n_0 | reset_IBUF                          |                9 |             13 |         1.44 |
|  ov7670_pclk_ff_BUFG           | U_Histogram/U_Histogram_Control_Unit/hue_count_reg[166][12]_i_1_n_0 | reset_IBUF                          |               10 |             13 |         1.30 |
|  ov7670_pclk_ff_BUFG           | U_Histogram/U_Histogram_Control_Unit/hue_count_reg[130][12]_i_1_n_0 | reset_IBUF                          |               10 |             13 |         1.30 |
|  ov7670_pclk_ff_BUFG           | U_Histogram/U_Histogram_Control_Unit/hue_count_reg[159][12]_i_1_n_0 | reset_IBUF                          |               12 |             13 |         1.08 |
|  ov7670_pclk_ff_BUFG           | U_Histogram/U_Histogram_Control_Unit/hue_count_reg[132][12]_i_1_n_0 | reset_IBUF                          |                8 |             13 |         1.62 |
|  ov7670_pclk_ff_BUFG           | U_Histogram/U_Histogram_Control_Unit/hue_count_reg[160][12]_i_1_n_0 | reset_IBUF                          |                9 |             13 |         1.44 |
|  ov7670_pclk_ff_BUFG           | U_Histogram/U_Histogram_Control_Unit/hue_count_reg[177][12]_i_1_n_0 | reset_IBUF                          |                8 |             13 |         1.62 |
|  ov7670_pclk_ff_BUFG           | U_Histogram/U_Histogram_Control_Unit/hue_count_reg[172][12]_i_1_n_0 | reset_IBUF                          |               11 |             13 |         1.18 |
|  ov7670_pclk_ff_BUFG           | U_Histogram/U_Histogram_Control_Unit/hue_count_reg[178][12]_i_1_n_0 | reset_IBUF                          |                9 |             13 |         1.44 |
|  ov7670_pclk_ff_BUFG           | U_Histogram/U_Histogram_Control_Unit/hue_count_reg[180][12]_i_1_n_0 | reset_IBUF                          |               11 |             13 |         1.18 |
|  ov7670_pclk_ff_BUFG           | U_Histogram/U_Histogram_Control_Unit/hue_count_reg[176][12]_i_1_n_0 | reset_IBUF                          |                8 |             13 |         1.62 |
|  ov7670_pclk_ff_BUFG           | U_Histogram/U_Histogram_Control_Unit/hue_count_reg[144][12]_i_1_n_0 | reset_IBUF                          |                6 |             13 |         2.17 |
|  ov7670_pclk_ff_BUFG           | U_Histogram/U_Histogram_Control_Unit/hue_count_reg[14][12]_i_1_n_0  | reset_IBUF                          |                8 |             13 |         1.62 |
|  ov7670_pclk_ff_BUFG           | U_Histogram/U_Histogram_Control_Unit/hue_count_reg[149][12]_i_1_n_0 | reset_IBUF                          |                7 |             13 |         1.86 |
|  ov7670_pclk_ff_BUFG           | U_Histogram/U_Histogram_Control_Unit/hue_count_reg[156][12]_i_1_n_0 | reset_IBUF                          |                6 |             13 |         2.17 |
|  ov7670_pclk_ff_BUFG           | U_Histogram/U_Histogram_Control_Unit/hue_count_reg[169][12]_i_1_n_0 | reset_IBUF                          |                7 |             13 |         1.86 |
|  ov7670_pclk_ff_BUFG           | U_Histogram/U_Histogram_Control_Unit/hue_count_reg[198][12]_i_1_n_0 | reset_IBUF                          |                8 |             13 |         1.62 |
|  ov7670_pclk_ff_BUFG           | U_Histogram/U_Histogram_Control_Unit/hue_count_reg[184][12]_i_1_n_0 | reset_IBUF                          |                4 |             13 |         3.25 |
|  ov7670_pclk_ff_BUFG           | U_Histogram/U_Histogram_Control_Unit/hue_count_reg[192][12]_i_1_n_0 | reset_IBUF                          |                6 |             13 |         2.17 |
|  ov7670_pclk_ff_BUFG           | U_Histogram/U_Histogram_Control_Unit/hue_count_reg[208][12]_i_1_n_0 | reset_IBUF                          |                5 |             13 |         2.60 |
|  ov7670_pclk_ff_BUFG           | U_Histogram/U_Histogram_Control_Unit/hue_count_reg[193][12]_i_1_n_0 | reset_IBUF                          |                9 |             13 |         1.44 |
|  ov7670_pclk_ff_BUFG           | U_Histogram/U_Histogram_Control_Unit/hue_count_reg[210][12]_i_1_n_0 | reset_IBUF                          |                5 |             13 |         2.60 |
|  ov7670_pclk_ff_BUFG           | U_Histogram/U_Histogram_Control_Unit/hue_count_reg[209][12]_i_1_n_0 | reset_IBUF                          |                6 |             13 |         2.17 |
|  ov7670_pclk_ff_BUFG           | U_Histogram/U_Histogram_Control_Unit/hue_count_reg[194][12]_i_1_n_0 | reset_IBUF                          |               11 |             13 |         1.18 |
|  ov7670_pclk_ff_BUFG           | U_Histogram/U_Histogram_Control_Unit/hue_count_reg[211][12]_i_1_n_0 | reset_IBUF                          |                5 |             13 |         2.60 |
|  ov7670_pclk_ff_BUFG           | U_Histogram/U_Histogram_Control_Unit/hue_count_reg[202][12]_i_1_n_0 | reset_IBUF                          |                8 |             13 |         1.62 |
|  ov7670_pclk_ff_BUFG           | U_Histogram/U_Histogram_Control_Unit/hue_count_reg[212][12]_i_1_n_0 | reset_IBUF                          |                7 |             13 |         1.86 |
|  ov7670_pclk_ff_BUFG           | U_Histogram/U_Histogram_Control_Unit/hue_count_reg[200][12]_i_1_n_0 | reset_IBUF                          |                5 |             13 |         2.60 |
|  ov7670_pclk_ff_BUFG           | U_Histogram/U_Histogram_Control_Unit/hue_count_reg[201][12]_i_1_n_0 | reset_IBUF                          |                5 |             13 |         2.60 |
|  ov7670_pclk_ff_BUFG           | U_Histogram/U_Histogram_Control_Unit/hue_count_reg[214][12]_i_1_n_0 | reset_IBUF                          |                4 |             13 |         3.25 |
|  ov7670_pclk_ff_BUFG           | U_Histogram/U_Histogram_Control_Unit/hue_count_reg[18][12]_i_1_n_0  | reset_IBUF                          |                8 |             13 |         1.62 |
|  ov7670_pclk_ff_BUFG           | U_Histogram/U_Histogram_Control_Unit/hue_count_reg[216][12]_i_1_n_0 | reset_IBUF                          |                4 |             13 |         3.25 |
|  ov7670_pclk_ff_BUFG           | U_Histogram/U_Histogram_Control_Unit/hue_count_reg[191][12]_i_1_n_0 | reset_IBUF                          |               10 |             13 |         1.30 |
|  ov7670_pclk_ff_BUFG           | U_Histogram/U_Histogram_Control_Unit/hue_count_reg[196][12]_i_1_n_0 | reset_IBUF                          |                7 |             13 |         1.86 |
|  ov7670_pclk_ff_BUFG           | U_Histogram/U_Histogram_Control_Unit/hue_count_reg[217][12]_i_1_n_0 | reset_IBUF                          |                6 |             13 |         2.17 |
|  ov7670_pclk_ff_BUFG           | U_Histogram/U_Histogram_Control_Unit/hue_count_reg[1][12]_i_1_n_0   | reset_IBUF                          |               10 |             13 |         1.30 |
|  ov7670_pclk_ff_BUFG           | U_Histogram/U_Histogram_Control_Unit/hue_count_reg[218][12]_i_1_n_0 | reset_IBUF                          |                3 |             13 |         4.33 |
|  ov7670_pclk_ff_BUFG           | U_Histogram/U_Histogram_Control_Unit/hue_count_reg[195][12]_i_1_n_0 | reset_IBUF                          |                9 |             13 |         1.44 |
|  ov7670_pclk_ff_BUFG           | U_Histogram/U_Histogram_Control_Unit/hue_count_reg[204][12]_i_1_n_0 | reset_IBUF                          |                6 |             13 |         2.17 |
|  ov7670_pclk_ff_BUFG           | U_Histogram/U_Histogram_Control_Unit/hue_count_reg[20][12]_i_1_n_0  | reset_IBUF                          |                6 |             13 |         2.17 |
|  ov7670_pclk_ff_BUFG           | U_Histogram/U_Histogram_Control_Unit/hue_count_reg[197][12]_i_1_n_0 | reset_IBUF                          |                6 |             13 |         2.17 |
|  ov7670_pclk_ff_BUFG           | U_Histogram/U_Histogram_Control_Unit/hue_count_reg[241][12]_i_1_n_0 | reset_IBUF                          |                4 |             13 |         3.25 |
|  ov7670_pclk_ff_BUFG           | U_Histogram/U_Histogram_Control_Unit/hue_count_reg[226][12]_i_1_n_0 | reset_IBUF                          |                8 |             13 |         1.62 |
|  ov7670_pclk_ff_BUFG           | U_Histogram/U_Histogram_Control_Unit/hue_count_reg[228][12]_i_1_n_0 | reset_IBUF                          |                4 |             13 |         3.25 |
|  ov7670_pclk_ff_BUFG           | U_Histogram/U_Histogram_Control_Unit/hue_count_reg[27][12]_i_1_n_0  | reset_IBUF                          |                9 |             13 |         1.44 |
|  ov7670_pclk_ff_BUFG           | U_Histogram/U_Histogram_Control_Unit/hue_count_reg[39][12]_i_1_n_0  | reset_IBUF                          |                8 |             13 |         1.62 |
|  ov7670_pclk_ff_BUFG           | U_Histogram/U_Histogram_Control_Unit/hue_count_reg[53][12]_i_1_n_0  | reset_IBUF                          |                6 |             13 |         2.17 |
|  ov7670_pclk_ff_BUFG           | U_Histogram/U_Histogram_Control_Unit/hue_count_reg[54][12]_i_1_n_0  | reset_IBUF                          |                8 |             13 |         1.62 |
|  ov7670_pclk_ff_BUFG           | U_Histogram/U_Histogram_Control_Unit/hue_count_reg[220][12]_i_1_n_0 | reset_IBUF                          |                6 |             13 |         2.17 |
|  ov7670_pclk_ff_BUFG           | U_Histogram/U_Histogram_Control_Unit/hue_count_reg[29][12]_i_1_n_0  | reset_IBUF                          |                4 |             13 |         3.25 |
|  ov7670_pclk_ff_BUFG           | U_Histogram/U_Histogram_Control_Unit/hue_count_reg[242][12]_i_1_n_0 | reset_IBUF                          |                7 |             13 |         1.86 |
|  ov7670_pclk_ff_BUFG           | U_Histogram/U_Histogram_Control_Unit/hue_count_reg[240][12]_i_1_n_0 | reset_IBUF                          |                3 |             13 |         4.33 |
|  ov7670_pclk_ff_BUFG           | U_Histogram/U_Histogram_Control_Unit/hue_count_reg[225][12]_i_1_n_0 | reset_IBUF                          |                5 |             13 |         2.60 |
|  ov7670_pclk_ff_BUFG           | U_Histogram/U_Histogram_Control_Unit/hue_count_reg[48][12]_i_1_n_0  | reset_IBUF                          |                7 |             13 |         1.86 |
|  ov7670_pclk_ff_BUFG           | U_Histogram/U_Histogram_Control_Unit/hue_count_reg[49][12]_i_1_n_0  | reset_IBUF                          |                9 |             13 |         1.44 |
|  ov7670_pclk_ff_BUFG           | U_Histogram/U_Histogram_Control_Unit/hue_count_reg[4][12]_i_1_n_0   | reset_IBUF                          |                3 |             13 |         4.33 |
|  ov7670_pclk_ff_BUFG           | U_Histogram/U_Histogram_Control_Unit/hue_count_reg[232][12]_i_1_n_0 | reset_IBUF                          |                8 |             13 |         1.62 |
|  ov7670_pclk_ff_BUFG           | U_Histogram/U_Histogram_Control_Unit/hue_count_reg[36][12]_i_1_n_0  | reset_IBUF                          |                8 |             13 |         1.62 |
|  ov7670_pclk_ff_BUFG           | U_Histogram/U_Histogram_Control_Unit/hue_count_reg[51][12]_i_1_n_0  | reset_IBUF                          |                7 |             13 |         1.86 |
|  ov7670_pclk_ff_BUFG           | U_Histogram/U_Histogram_Control_Unit/hue_count_reg[248][12]_i_1_n_0 | reset_IBUF                          |                4 |             13 |         3.25 |
|  ov7670_pclk_ff_BUFG           | U_Histogram/U_Histogram_Control_Unit/hue_count_reg[45][12]_i_1_n_0  | reset_IBUF                          |                8 |             13 |         1.62 |
|  ov7670_pclk_ff_BUFG           | U_Histogram/U_Histogram_Control_Unit/hue_count_reg[34][12]_i_1_n_0  | reset_IBUF                          |                6 |             13 |         2.17 |
|  ov7670_pclk_ff_BUFG           | U_Histogram/U_Histogram_Control_Unit/hue_count_reg[224][12]_i_1_n_0 | reset_IBUF                          |                6 |             13 |         2.17 |
|  ov7670_pclk_ff_BUFG           | U_Histogram/U_Histogram_Control_Unit/hue_count_reg[239][12]_i_1_n_0 | reset_IBUF                          |               12 |             13 |         1.08 |
|  ov7670_pclk_ff_BUFG           | U_Histogram/U_Histogram_Control_Unit/hue_count_reg[244][12]_i_1_n_0 | reset_IBUF                          |                4 |             13 |         3.25 |
|  ov7670_pclk_ff_BUFG           | U_Histogram/U_Histogram_Control_Unit/hue_count_reg[30][12]_i_1_n_0  | reset_IBUF                          |                6 |             13 |         2.17 |
|  ov7670_pclk_ff_BUFG           | U_Histogram/U_Histogram_Control_Unit/hue_count_reg[40][12]_i_1_n_0  | reset_IBUF                          |                6 |             13 |         2.17 |
|  ov7670_pclk_ff_BUFG           | U_Histogram/U_Histogram_Control_Unit/hue_count_reg[2][12]_i_1_n_0   | reset_IBUF                          |                2 |             13 |         6.50 |
|  ov7670_pclk_ff_BUFG           | U_Histogram/U_Histogram_Control_Unit/hue_count_reg[43][12]_i_1_n_0  | reset_IBUF                          |                5 |             13 |         2.60 |
|  ov7670_pclk_ff_BUFG           | U_Histogram/U_Histogram_Control_Unit/hue_count_reg[46][12]_i_1_n_0  | reset_IBUF                          |                8 |             13 |         1.62 |
|  ov7670_pclk_ff_BUFG           | U_Histogram/U_Histogram_Control_Unit/hue_count_reg[24][12]_i_1_n_0  | reset_IBUF                          |                4 |             13 |         3.25 |
|  ov7670_pclk_ff_BUFG           | U_Histogram/U_Histogram_Control_Unit/hue_count_reg[31][12]_i_1_n_0  | reset_IBUF                          |                6 |             13 |         2.17 |
|  ov7670_pclk_ff_BUFG           | U_Histogram/U_Histogram_Control_Unit/hue_count_reg[47][12]_i_1_n_0  | reset_IBUF                          |               12 |             13 |         1.08 |
|  ov7670_pclk_ff_BUFG           | U_Histogram/U_Histogram_Control_Unit/hue_count_reg[78][12]_i_1_n_0  | reset_IBUF                          |               11 |             13 |         1.18 |
|  ov7670_pclk_ff_BUFG           | U_Histogram/U_Histogram_Control_Unit/hue_count_reg[62][12]_i_1_n_0  | reset_IBUF                          |               10 |             13 |         1.30 |
|  ov7670_pclk_ff_BUFG           | U_Histogram/U_Histogram_Control_Unit/hue_count_reg[6][12]_i_1_n_0   | reset_IBUF                          |                8 |             13 |         1.62 |
|  ov7670_pclk_ff_BUFG           | U_Histogram/U_Histogram_Control_Unit/hue_count_reg[83][12]_i_1_n_0  | reset_IBUF                          |                9 |             13 |         1.44 |
|  ov7670_pclk_ff_BUFG           | U_Histogram/U_Histogram_Control_Unit/hue_count_reg[90][12]_i_1_n_0  | reset_IBUF                          |                8 |             13 |         1.62 |
|  ov7670_pclk_ff_BUFG           | U_Histogram/U_Histogram_Control_Unit/hue_count_reg[77][12]_i_1_n_0  | reset_IBUF                          |               10 |             13 |         1.30 |
|  ov7670_pclk_ff_BUFG           | U_Histogram/U_Histogram_Control_Unit/hue_count_reg[68][12]_i_1_n_0  | reset_IBUF                          |                8 |             13 |         1.62 |
|  ov7670_pclk_ff_BUFG           | U_Histogram/U_Histogram_Control_Unit/hue_count_reg[71][12]_i_1_n_0  | reset_IBUF                          |                7 |             13 |         1.86 |
|  ov7670_pclk_ff_BUFG           | U_Histogram/U_Histogram_Control_Unit/hue_count_reg[89][12]_i_1_n_0  | reset_IBUF                          |               10 |             13 |         1.30 |
|  ov7670_pclk_ff_BUFG           | U_Histogram/U_Histogram_Control_Unit/hue_count_reg[7][12]_i_1_n_0   | reset_IBUF                          |                3 |             13 |         4.33 |
|  ov7670_pclk_ff_BUFG           | U_Histogram/U_Histogram_Control_Unit/hue_count_reg[80][12]_i_1_n_0  | reset_IBUF                          |                9 |             13 |         1.44 |
|  ov7670_pclk_ff_BUFG           | U_Histogram/U_Histogram_Control_Unit/hue_count_reg[59][12]_i_1_n_0  | reset_IBUF                          |                5 |             13 |         2.60 |
|  ov7670_pclk_ff_BUFG           | U_Histogram/U_Histogram_Control_Unit/hue_count_reg[5][12]_i_1_n_0   | reset_IBUF                          |                6 |             13 |         2.17 |
|  ov7670_pclk_ff_BUFG           | U_Histogram/U_Histogram_Control_Unit/hue_count_reg[66][12]_i_1_n_0  | reset_IBUF                          |               10 |             13 |         1.30 |
|  ov7670_pclk_ff_BUFG           | U_Histogram/U_Histogram_Control_Unit/hue_count_reg[55][12]_i_1_n_0  | reset_IBUF                          |                8 |             13 |         1.62 |
|  ov7670_pclk_ff_BUFG           | U_Histogram/U_Histogram_Control_Unit/hue_count_reg[75][12]_i_1_n_0  | reset_IBUF                          |                9 |             13 |         1.44 |
|  ov7670_pclk_ff_BUFG           | U_Histogram/U_Histogram_Control_Unit/hue_count_reg[61][12]_i_1_n_0  | reset_IBUF                          |                3 |             13 |         4.33 |
|  ov7670_pclk_ff_BUFG           | U_Histogram/U_Histogram_Control_Unit/hue_count_reg[72][12]_i_1_n_0  | reset_IBUF                          |                7 |             13 |         1.86 |
|  ov7670_pclk_ff_BUFG           | U_Histogram/U_Histogram_Control_Unit/hue_count_reg[57][12]_i_1_n_0  | reset_IBUF                          |                7 |             13 |         1.86 |
|  ov7670_pclk_ff_BUFG           | U_Histogram/U_Histogram_Control_Unit/hue_count_reg[58][12]_i_1_n_0  | reset_IBUF                          |                9 |             13 |         1.44 |
|  ov7670_pclk_ff_BUFG           | U_Histogram/U_Histogram_Control_Unit/hue_count_reg[81][12]_i_1_n_0  | reset_IBUF                          |               10 |             13 |         1.30 |
|  ov7670_pclk_ff_BUFG           | U_Histogram/U_Histogram_Control_Unit/hue_count_reg[85][12]_i_1_n_0  | reset_IBUF                          |                9 |             13 |         1.44 |
|  ov7670_pclk_ff_BUFG           | U_Histogram/U_Histogram_Control_Unit/hue_count_reg[65][12]_i_1_n_0  | reset_IBUF                          |               10 |             13 |         1.30 |
|  ov7670_pclk_ff_BUFG           | U_Histogram/U_Histogram_Control_Unit/hue_count_reg[86][12]_i_1_n_0  | reset_IBUF                          |               10 |             13 |         1.30 |
|  ov7670_pclk_ff_BUFG           | U_Histogram/U_Histogram_Control_Unit/hue_count_reg[60][12]_i_1_n_0  | reset_IBUF                          |                6 |             13 |         2.17 |
|  ov7670_pclk_ff_BUFG           | U_Histogram/U_Histogram_Control_Unit/hue_count_reg[96][12]_i_1_n_0  | reset_IBUF                          |                5 |             13 |         2.60 |
|  ov7670_pclk_ff_BUFG           | U_Histogram/U_Histogram_Control_Unit/hue_count_reg[97][12]_i_1_n_0  | reset_IBUF                          |                6 |             13 |         2.17 |
|  ov7670_pclk_ff_BUFG           | U_Histogram/U_Histogram_Control_Unit/hue_count_reg[9][12]_i_1_n_0   | reset_IBUF                          |                6 |             13 |         2.17 |
|  ov7670_pclk_ff_BUFG           | U_Histogram/U_Histogram_Control_Unit/hue_count_reg[92][12]_i_1_n_0  | reset_IBUF                          |               10 |             13 |         1.30 |
|  ov7670_pclk_ff_BUFG           | U_Histogram/U_Histogram_Control_Unit/hue_count_reg[99][12]_i_1_n_0  | reset_IBUF                          |               10 |             13 |         1.30 |
|  ov7670_pclk_ff_BUFG           | U_Histogram/U_Histogram_Control_Unit/hue_count_reg[95][12]_i_1_n_0  | reset_IBUF                          |                7 |             13 |         1.86 |
|  ov7670_pclk_ff_BUFG           | U_OV7670_MemController/E[0]                                         | reset_IBUF                          |                9 |             13 |         1.44 |
|  ov7670_pclk_ff_BUFG           | U_OV7670_MemController/FSM_sequential_state_reg[0][0]               | reset_IBUF                          |               11 |             13 |         1.18 |
|  ov7670_pclk_ff_BUFG           | U_OV7670_MemController/FSM_sequential_state_reg[0]_rep_1[0]         | reset_IBUF                          |                7 |             13 |         1.86 |
|  ov7670_pclk_ff_BUFG           | U_OV7670_MemController/FSM_sequential_state_reg[0]_rep_10[0]        | reset_IBUF                          |                7 |             13 |         1.86 |
|  ov7670_pclk_ff_BUFG           | U_OV7670_MemController/FSM_sequential_state_reg[0]_rep_11[0]        | reset_IBUF                          |                7 |             13 |         1.86 |
|  ov7670_pclk_ff_BUFG           | U_OV7670_MemController/FSM_sequential_state_reg[0]_rep[0]           | reset_IBUF                          |                5 |             13 |         2.60 |
|  ov7670_pclk_ff_BUFG           | U_OV7670_MemController/FSM_sequential_state_reg[0]_rep_0[0]         | reset_IBUF                          |                5 |             13 |         2.60 |
|  ov7670_pclk_ff_BUFG           | U_OV7670_MemController/FSM_sequential_state_reg[0]_rep__0_29[0]     | reset_IBUF                          |                9 |             13 |         1.44 |
|  ov7670_pclk_ff_BUFG           | U_OV7670_MemController/FSM_sequential_state_reg[0]_rep__0_31[0]     | reset_IBUF                          |               10 |             13 |         1.30 |
|  ov7670_pclk_ff_BUFG           | U_OV7670_MemController/FSM_sequential_state_reg[0]_rep__0_33[0]     | reset_IBUF                          |                6 |             13 |         2.17 |
|  ov7670_pclk_ff_BUFG           | U_OV7670_MemController/FSM_sequential_state_reg[0]_rep__0_34[0]     | reset_IBUF                          |                6 |             13 |         2.17 |
|  ov7670_pclk_ff_BUFG           | U_OV7670_MemController/FSM_sequential_state_reg[0]_rep_15[0]        | reset_IBUF                          |                5 |             13 |         2.60 |
|  ov7670_pclk_ff_BUFG           | U_OV7670_MemController/FSM_sequential_state_reg[0]_rep__0_36[0]     | reset_IBUF                          |                6 |             13 |         2.17 |
|  ov7670_pclk_ff_BUFG           | U_OV7670_MemController/FSM_sequential_state_reg[0]_rep__0_12[0]     | reset_IBUF                          |                7 |             13 |         1.86 |
|  ov7670_pclk_ff_BUFG           | U_OV7670_MemController/FSM_sequential_state_reg[0]_rep_4[0]         | reset_IBUF                          |                4 |             13 |         3.25 |
|  ov7670_pclk_ff_BUFG           | U_OV7670_MemController/FSM_sequential_state_reg[0]_rep_13[0]        | reset_IBUF                          |                7 |             13 |         1.86 |
|  ov7670_pclk_ff_BUFG           | U_OV7670_MemController/FSM_sequential_state_reg[0]_rep__0_20[0]     | reset_IBUF                          |               11 |             13 |         1.18 |
|  ov7670_pclk_ff_BUFG           | U_OV7670_MemController/FSM_sequential_state_reg[0]_rep__0_21[0]     | reset_IBUF                          |               10 |             13 |         1.30 |
|  ov7670_pclk_ff_BUFG           | U_OV7670_MemController/FSM_sequential_state_reg[0]_rep__0_35[0]     | reset_IBUF                          |                7 |             13 |         1.86 |
|  ov7670_pclk_ff_BUFG           | U_OV7670_MemController/FSM_sequential_state_reg[0]_rep_28[0]        | reset_IBUF                          |                6 |             13 |         2.17 |
|  ov7670_pclk_ff_BUFG           | U_OV7670_MemController/FSM_sequential_state_reg[0]_rep__0_0[0]      | reset_IBUF                          |                7 |             13 |         1.86 |
|  ov7670_pclk_ff_BUFG           | U_OV7670_MemController/FSM_sequential_state_reg[0]_rep__0_37[0]     | reset_IBUF                          |               11 |             13 |         1.18 |
|  ov7670_pclk_ff_BUFG           | U_OV7670_MemController/FSM_sequential_state_reg[0]_rep_19[0]        | reset_IBUF                          |                3 |             13 |         4.33 |
|  ov7670_pclk_ff_BUFG           | U_OV7670_MemController/FSM_sequential_state_reg[0]_rep__0_24[0]     | reset_IBUF                          |                7 |             13 |         1.86 |
|  ov7670_pclk_ff_BUFG           | U_OV7670_MemController/FSM_sequential_state_reg[0]_rep__0_17[0]     | reset_IBUF                          |                9 |             13 |         1.44 |
|  ov7670_pclk_ff_BUFG           | U_OV7670_MemController/FSM_sequential_state_reg[0]_rep__0_23[0]     | reset_IBUF                          |               10 |             13 |         1.30 |
|  ov7670_pclk_ff_BUFG           | U_OV7670_MemController/FSM_sequential_state_reg[0]_rep__0_32[0]     | reset_IBUF                          |                5 |             13 |         2.60 |
|  ov7670_pclk_ff_BUFG           | U_OV7670_MemController/FSM_sequential_state_reg[0]_rep_29[0]        | reset_IBUF                          |                9 |             13 |         1.44 |
|  ov7670_pclk_ff_BUFG           | U_OV7670_MemController/FSM_sequential_state_reg[0]_rep__0_2[0]      | reset_IBUF                          |                9 |             13 |         1.44 |
|  ov7670_pclk_ff_BUFG           | U_OV7670_MemController/FSM_sequential_state_reg[0]_rep__0_10[0]     | reset_IBUF                          |                9 |             13 |         1.44 |
|  ov7670_pclk_ff_BUFG           | U_OV7670_MemController/FSM_sequential_state_reg[0]_rep__0_30[0]     | reset_IBUF                          |                6 |             13 |         2.17 |
|  ov7670_pclk_ff_BUFG           | U_OV7670_MemController/FSM_sequential_state_reg[0]_rep__0_38[0]     | reset_IBUF                          |                9 |             13 |         1.44 |
|  ov7670_pclk_ff_BUFG           | U_OV7670_MemController/FSM_sequential_state_reg[0]_rep_2[0]         | reset_IBUF                          |                4 |             13 |         3.25 |
|  ov7670_pclk_ff_BUFG           | U_OV7670_MemController/FSM_sequential_state_reg[0]_rep_6[0]         | reset_IBUF                          |                2 |             13 |         6.50 |
|  ov7670_pclk_ff_BUFG           | U_OV7670_MemController/FSM_sequential_state_reg[0]_rep__0_18[0]     | reset_IBUF                          |                7 |             13 |         1.86 |
|  ov7670_pclk_ff_BUFG           | U_OV7670_MemController/FSM_sequential_state_reg[0]_rep_33[0]        | reset_IBUF                          |                5 |             13 |         2.60 |
|  ov7670_pclk_ff_BUFG           | U_OV7670_MemController/FSM_sequential_state_reg[0]_rep_21[0]        | reset_IBUF                          |                4 |             13 |         3.25 |
|  ov7670_pclk_ff_BUFG           | U_OV7670_MemController/FSM_sequential_state_reg[0]_rep__0_13[0]     | reset_IBUF                          |                8 |             13 |         1.62 |
|  ov7670_pclk_ff_BUFG           | U_OV7670_MemController/FSM_sequential_state_reg[0]_rep__0_26[0]     | reset_IBUF                          |               12 |             13 |         1.08 |
|  ov7670_pclk_ff_BUFG           | U_OV7670_MemController/FSM_sequential_state_reg[0]_rep__0_27[0]     | reset_IBUF                          |                6 |             13 |         2.17 |
|  ov7670_pclk_ff_BUFG           | U_OV7670_MemController/FSM_sequential_state_reg[0]_rep_14[0]        | reset_IBUF                          |                5 |             13 |         2.60 |
|  ov7670_pclk_ff_BUFG           | U_OV7670_MemController/FSM_sequential_state_reg[0]_rep_25[0]        | reset_IBUF                          |                7 |             13 |         1.86 |
|  ov7670_pclk_ff_BUFG           | U_OV7670_MemController/FSM_sequential_state_reg[0]_rep__0_14[0]     | reset_IBUF                          |                8 |             13 |         1.62 |
|  ov7670_pclk_ff_BUFG           | U_OV7670_MemController/FSM_sequential_state_reg[0]_rep_17[0]        | reset_IBUF                          |                4 |             13 |         3.25 |
|  ov7670_pclk_ff_BUFG           | U_OV7670_MemController/FSM_sequential_state_reg[0]_rep_8[0]         | reset_IBUF                          |                7 |             13 |         1.86 |
|  ov7670_pclk_ff_BUFG           | U_OV7670_MemController/FSM_sequential_state_reg[0]_rep_9[0]         | reset_IBUF                          |                6 |             13 |         2.17 |
|  ov7670_pclk_ff_BUFG           | U_OV7670_MemController/FSM_sequential_state_reg[0]_rep__0_22[0]     | reset_IBUF                          |                7 |             13 |         1.86 |
|  ov7670_pclk_ff_BUFG           | U_OV7670_MemController/FSM_sequential_state_reg[0]_rep_23[0]        | reset_IBUF                          |                9 |             13 |         1.44 |
|  ov7670_pclk_ff_BUFG           | U_OV7670_MemController/FSM_sequential_state_reg[0]_rep__0_28[0]     | reset_IBUF                          |                9 |             13 |         1.44 |
|  ov7670_pclk_ff_BUFG           | U_OV7670_MemController/FSM_sequential_state_reg[0]_rep__0_3[0]      | reset_IBUF                          |                8 |             13 |         1.62 |
|  ov7670_pclk_ff_BUFG           | U_OV7670_MemController/FSM_sequential_state_reg[0]_rep_32[0]        | reset_IBUF                          |                7 |             13 |         1.86 |
|  ov7670_pclk_ff_BUFG           | U_OV7670_MemController/FSM_sequential_state_reg[0]_rep_16[0]        | reset_IBUF                          |                6 |             13 |         2.17 |
|  ov7670_pclk_ff_BUFG           | U_OV7670_MemController/FSM_sequential_state_reg[0]_rep_3[0]         | reset_IBUF                          |                5 |             13 |         2.60 |
|  ov7670_pclk_ff_BUFG           | U_OV7670_MemController/FSM_sequential_state_reg[0]_rep_30[0]        | reset_IBUF                          |                7 |             13 |         1.86 |
|  ov7670_pclk_ff_BUFG           | U_OV7670_MemController/FSM_sequential_state_reg[0]_rep_18[0]        | reset_IBUF                          |                5 |             13 |         2.60 |
|  ov7670_pclk_ff_BUFG           | U_OV7670_MemController/FSM_sequential_state_reg[0]_rep_24[0]        | reset_IBUF                          |                9 |             13 |         1.44 |
|  ov7670_pclk_ff_BUFG           | U_OV7670_MemController/FSM_sequential_state_reg[0]_rep__0[0]        | reset_IBUF                          |                7 |             13 |         1.86 |
|  ov7670_pclk_ff_BUFG           | U_OV7670_MemController/FSM_sequential_state_reg[0]_rep__0_15[0]     | reset_IBUF                          |                8 |             13 |         1.62 |
|  ov7670_pclk_ff_BUFG           | U_OV7670_MemController/FSM_sequential_state_reg[0]_rep__0_25[0]     | reset_IBUF                          |               11 |             13 |         1.18 |
|  ov7670_pclk_ff_BUFG           | U_OV7670_MemController/FSM_sequential_state_reg[0]_rep_22[0]        | reset_IBUF                          |                4 |             13 |         3.25 |
|  ov7670_pclk_ff_BUFG           | U_OV7670_MemController/FSM_sequential_state_reg[0]_rep_12[0]        | reset_IBUF                          |                9 |             13 |         1.44 |
|  ov7670_pclk_ff_BUFG           | U_OV7670_MemController/FSM_sequential_state_reg[0]_rep_31[0]        | reset_IBUF                          |               11 |             13 |         1.18 |
|  ov7670_pclk_ff_BUFG           | U_OV7670_MemController/FSM_sequential_state_reg[0]_rep__0_1[0]      | reset_IBUF                          |                8 |             13 |         1.62 |
|  ov7670_pclk_ff_BUFG           | U_OV7670_MemController/FSM_sequential_state_reg[0]_rep_20[0]        | reset_IBUF                          |                9 |             13 |         1.44 |
|  ov7670_pclk_ff_BUFG           | U_OV7670_MemController/FSM_sequential_state_reg[0]_rep_7[0]         | reset_IBUF                          |                5 |             13 |         2.60 |
|  ov7670_pclk_ff_BUFG           | U_OV7670_MemController/FSM_sequential_state_reg[0]_rep_26[0]        | reset_IBUF                          |                7 |             13 |         1.86 |
|  ov7670_pclk_ff_BUFG           | U_OV7670_MemController/FSM_sequential_state_reg[0]_rep__0_11[0]     | reset_IBUF                          |                9 |             13 |         1.44 |
|  ov7670_pclk_ff_BUFG           | U_OV7670_MemController/FSM_sequential_state_reg[0]_rep__0_16[0]     | reset_IBUF                          |                5 |             13 |         2.60 |
|  ov7670_pclk_ff_BUFG           | U_OV7670_MemController/FSM_sequential_state_reg[0]_rep__0_19[0]     | reset_IBUF                          |               11 |             13 |         1.18 |
|  ov7670_pclk_ff_BUFG           | U_OV7670_MemController/FSM_sequential_state_reg[0]_rep_27[0]        | reset_IBUF                          |                7 |             13 |         1.86 |
|  ov7670_pclk_ff_BUFG           | U_OV7670_MemController/FSM_sequential_state_reg[0]_rep__1_16[0]     | reset_IBUF                          |               11 |             13 |         1.18 |
|  ov7670_pclk_ff_BUFG           | U_OV7670_MemController/FSM_sequential_state_reg[0]_rep__1_28[0]     | reset_IBUF                          |                6 |             13 |         2.17 |
|  ov7670_pclk_ff_BUFG           | U_OV7670_MemController/FSM_sequential_state_reg[0]_rep__0_6[0]      | reset_IBUF                          |                6 |             13 |         2.17 |
|  ov7670_pclk_ff_BUFG           | U_OV7670_MemController/FSM_sequential_state_reg[0]_rep__1_13[0]     | reset_IBUF                          |               10 |             13 |         1.30 |
|  ov7670_pclk_ff_BUFG           | U_OV7670_MemController/FSM_sequential_state_reg[0]_rep__1_18[0]     | reset_IBUF                          |                4 |             13 |         3.25 |
|  ov7670_pclk_ff_BUFG           | U_OV7670_MemController/FSM_sequential_state_reg[0]_rep__1_1[0]      | reset_IBUF                          |               10 |             13 |         1.30 |
|  ov7670_pclk_ff_BUFG           | U_OV7670_MemController/FSM_sequential_state_reg[0]_rep__1_32[0]     | reset_IBUF                          |               13 |             13 |         1.00 |
|  ov7670_pclk_ff_BUFG           | U_OV7670_MemController/FSM_sequential_state_reg[0]_rep__0_39[0]     | reset_IBUF                          |                6 |             13 |         2.17 |
|  ov7670_pclk_ff_BUFG           | U_OV7670_MemController/FSM_sequential_state_reg[0]_rep__1[0]        | reset_IBUF                          |                8 |             13 |         1.62 |
|  ov7670_pclk_ff_BUFG           | U_OV7670_MemController/FSM_sequential_state_reg[0]_rep__1_12[0]     | reset_IBUF                          |               10 |             13 |         1.30 |
|  ov7670_pclk_ff_BUFG           | U_OV7670_MemController/FSM_sequential_state_reg[0]_rep__0_5[0]      | reset_IBUF                          |                6 |             13 |         2.17 |
|  ov7670_pclk_ff_BUFG           | U_OV7670_MemController/FSM_sequential_state_reg[0]_rep__1_23[0]     | reset_IBUF                          |                6 |             13 |         2.17 |
|  ov7670_pclk_ff_BUFG           | U_OV7670_MemController/FSM_sequential_state_reg[0]_rep__0_8[0]      | reset_IBUF                          |                7 |             13 |         1.86 |
|  ov7670_pclk_ff_BUFG           | U_OV7670_MemController/FSM_sequential_state_reg[0]_rep__1_2[0]      | reset_IBUF                          |               13 |             13 |         1.00 |
|  ov7670_pclk_ff_BUFG           | U_OV7670_MemController/FSM_sequential_state_reg[0]_rep__1_15[0]     | reset_IBUF                          |               11 |             13 |         1.18 |
|  ov7670_pclk_ff_BUFG           | U_OV7670_MemController/FSM_sequential_state_reg[0]_rep__1_3[0]      | reset_IBUF                          |                7 |             13 |         1.86 |
|  ov7670_pclk_ff_BUFG           | U_OV7670_MemController/FSM_sequential_state_reg[0]_rep__1_33[0]     | reset_IBUF                          |                7 |             13 |         1.86 |
|  ov7670_pclk_ff_BUFG           | U_OV7670_MemController/FSM_sequential_state_reg[0]_rep__1_42[0]     | reset_IBUF                          |                7 |             13 |         1.86 |
|  ov7670_pclk_ff_BUFG           | U_OV7670_MemController/FSM_sequential_state_reg[0]_rep__1_5[0]      | reset_IBUF                          |                9 |             13 |         1.44 |
|  ov7670_pclk_ff_BUFG           | U_OV7670_MemController/FSM_sequential_state_reg[0]_rep__1_6[0]      | reset_IBUF                          |                8 |             13 |         1.62 |
|  ov7670_pclk_ff_BUFG           | U_OV7670_MemController/FSM_sequential_state_reg[0]_rep__0_40[0]     | reset_IBUF                          |                7 |             13 |         1.86 |
|  ov7670_pclk_ff_BUFG           | U_OV7670_MemController/FSM_sequential_state_reg[0]_rep_5[0]         | reset_IBUF                          |                9 |             13 |         1.44 |
|  ov7670_pclk_ff_BUFG           | U_OV7670_MemController/FSM_sequential_state_reg[0]_rep__1_29[0]     | reset_IBUF                          |                8 |             13 |         1.62 |
|  ov7670_pclk_ff_BUFG           | U_OV7670_MemController/FSM_sequential_state_reg[0]_rep__1_37[0]     | reset_IBUF                          |                7 |             13 |         1.86 |
|  ov7670_pclk_ff_BUFG           | U_OV7670_MemController/FSM_sequential_state_reg[0]_rep__1_35[0]     | reset_IBUF                          |                4 |             13 |         3.25 |
|  ov7670_pclk_ff_BUFG           | U_OV7670_MemController/FSM_sequential_state_reg[0]_rep__1_8[0]      | reset_IBUF                          |               10 |             13 |         1.30 |
|  ov7670_pclk_ff_BUFG           | U_OV7670_MemController/FSM_sequential_state_reg[0]_rep__1_9[0]      | reset_IBUF                          |                9 |             13 |         1.44 |
|  ov7670_pclk_ff_BUFG           | U_OV7670_MemController/FSM_sequential_state_reg[0]_rep__1_24[0]     | reset_IBUF                          |                5 |             13 |         2.60 |
|  ov7670_pclk_ff_BUFG           | U_OV7670_MemController/FSM_sequential_state_reg[0]_rep__1_27[0]     | reset_IBUF                          |                5 |             13 |         2.60 |
|  ov7670_pclk_ff_BUFG           | U_OV7670_MemController/FSM_sequential_state_reg[0]_rep__1_36[0]     | reset_IBUF                          |                4 |             13 |         3.25 |
|  ov7670_pclk_ff_BUFG           | U_OV7670_MemController/FSM_sequential_state_reg[0]_rep__1_30[0]     | reset_IBUF                          |                6 |             13 |         2.17 |
|  ov7670_pclk_ff_BUFG           | U_OV7670_MemController/FSM_sequential_state_reg[0]_rep__1_39[0]     | reset_IBUF                          |                3 |             13 |         4.33 |
|  ov7670_pclk_ff_BUFG           | U_OV7670_MemController/FSM_sequential_state_reg[0]_rep__0_4[0]      | reset_IBUF                          |                8 |             13 |         1.62 |
|  ov7670_pclk_ff_BUFG           | U_OV7670_MemController/FSM_sequential_state_reg[0]_rep__1_25[0]     | reset_IBUF                          |                5 |             13 |         2.60 |
|  ov7670_pclk_ff_BUFG           | U_OV7670_MemController/FSM_sequential_state_reg[0]_rep__0_9[0]      | reset_IBUF                          |                9 |             13 |         1.44 |
|  ov7670_pclk_ff_BUFG           | U_OV7670_MemController/FSM_sequential_state_reg[0]_rep__1_38[0]     | reset_IBUF                          |                5 |             13 |         2.60 |
|  ov7670_pclk_ff_BUFG           | U_OV7670_MemController/FSM_sequential_state_reg[0]_rep__1_0[0]      | reset_IBUF                          |               10 |             13 |         1.30 |
|  ov7670_pclk_ff_BUFG           | U_OV7670_MemController/FSM_sequential_state_reg[0]_rep__1_26[0]     | reset_IBUF                          |                7 |             13 |         1.86 |
|  ov7670_pclk_ff_BUFG           | U_OV7670_MemController/FSM_sequential_state_reg[0]_rep__1_19[0]     | reset_IBUF                          |                5 |             13 |         2.60 |
|  ov7670_pclk_ff_BUFG           | U_OV7670_MemController/FSM_sequential_state_reg[0]_rep__0_7[0]      | reset_IBUF                          |                7 |             13 |         1.86 |
|  ov7670_pclk_ff_BUFG           | U_OV7670_MemController/FSM_sequential_state_reg[0]_rep__1_10[0]     | reset_IBUF                          |                9 |             13 |         1.44 |
|  ov7670_pclk_ff_BUFG           | U_OV7670_MemController/FSM_sequential_state_reg[0]_rep__1_4[0]      | reset_IBUF                          |                7 |             13 |         1.86 |
|  ov7670_pclk_ff_BUFG           | U_OV7670_MemController/FSM_sequential_state_reg[0]_rep__1_40[0]     | reset_IBUF                          |                2 |             13 |         6.50 |
|  ov7670_pclk_ff_BUFG           | U_OV7670_MemController/FSM_sequential_state_reg[0]_rep__1_17[0]     | reset_IBUF                          |                9 |             13 |         1.44 |
|  ov7670_pclk_ff_BUFG           | U_OV7670_MemController/FSM_sequential_state_reg[0]_rep__1_34[0]     | reset_IBUF                          |                5 |             13 |         2.60 |
|  ov7670_pclk_ff_BUFG           | U_OV7670_MemController/FSM_sequential_state_reg[0]_rep__1_7[0]      | reset_IBUF                          |                7 |             13 |         1.86 |
|  ov7670_pclk_ff_BUFG           | U_OV7670_MemController/FSM_sequential_state_reg[0]_rep__1_20[0]     | reset_IBUF                          |                6 |             13 |         2.17 |
|  ov7670_pclk_ff_BUFG           | U_OV7670_MemController/FSM_sequential_state_reg[0]_rep__1_14[0]     | reset_IBUF                          |                6 |             13 |         2.17 |
|  ov7670_pclk_ff_BUFG           | U_OV7670_MemController/FSM_sequential_state_reg[0]_rep__1_31[0]     | reset_IBUF                          |                3 |             13 |         4.33 |
|  ov7670_pclk_ff_BUFG           | U_OV7670_MemController/FSM_sequential_state_reg[0]_rep__1_22[0]     | reset_IBUF                          |               11 |             13 |         1.18 |
|  ov7670_pclk_ff_BUFG           | U_OV7670_MemController/FSM_sequential_state_reg[1]_rep_1[0]         | reset_IBUF                          |                4 |             13 |         3.25 |
|  ov7670_pclk_ff_BUFG           | U_OV7670_MemController/FSM_sequential_state_reg[0]_rep__1_41[0]     | reset_IBUF                          |                8 |             13 |         1.62 |
|  ov7670_pclk_ff_BUFG           |                                                                     |                                     |                8 |             14 |         1.75 |
|  clk_IBUF_BUFG                 |                                                                     | reset_IBUF                          |                5 |             14 |         2.80 |
|  U_HDMI_TX_TOP/rclk            |                                                                     |                                     |                9 |             18 |         2.00 |
|  U_HDMI_TX_TOP/rclk            |                                                                     | U_HDMI_TX_TOP/y_pixel               |                7 |             18 |         2.57 |
|  ov7670_pclk_ff_BUFG           | U_OV7670_MemController/FSM_sequential_state_reg[0]_1                |                                     |                5 |             18 |         3.60 |
|  ov7670_pclk_ff_BUFG           | U_OV7670_MemController/FSM_sequential_state_reg[1]_rep_0            |                                     |                5 |             18 |         3.60 |
|  ov7670_pclk_ff_BUFG           | U_OV7670_MemController/FSM_sequential_state_reg[0]_0                |                                     |                5 |             18 |         3.60 |
|  ov7670_pclk_ff_BUFG           | U_OV7670_MemController/FSM_sequential_state_reg[1]_rep              |                                     |                5 |             18 |         3.60 |
|  U_HDMI_TX_TOP/rclk            | U_HDMI_TX_TOP/y_pixel                                               | U_HDMI_TX_TOP/y_pixel[9]_i_1_n_0    |                7 |             18 |         2.57 |
|  ov7670_pclk_ff_BUFG           | U_MeanShiftCore/U_MeanShift_ControlUnit/E[0]                        | reset_IBUF                          |               10 |             20 |         2.00 |
|  clk_IBUF_BUFG                 | U_SCCB_intf/U_SCCB/temp_data_next                                   | reset_IBUF                          |                4 |             24 |         6.00 |
|  U_HDMI_TX_TOP/rclk            |                                                                     | U_HDMI_TX_TOP/encode_G/DrawArea_reg |               13 |             29 |         2.23 |
|  ov7670_pclk_ff_BUFG           | U_Histogram/U_Histogram_Control_Unit/hue_index_reg[7]_i_1_n_0       | reset_IBUF                          |               10 |             30 |         3.00 |
|  U_HDMI_TX_TOP/clk_TMDS        |                                                                     |                                     |                5 |             31 |         6.20 |
|  ov7670_pclk_ff_BUFG           | scale_Calc/variance_x[15]_i_1_n_0                                   | reset_IBUF                          |                5 |             32 |         6.40 |
|  ov7670_pclk_ff_BUFG           |                                                                     | reset_IBUF                          |               16 |             35 |         2.19 |
|  ov7670_pclk_ff_BUFG           | scale_Calc/x_center_reg[9]_i_1_n_0                                  | reset_IBUF                          |               21 |             38 |         1.81 |
|  ov7670_pclk_ff_BUFG           | scale_Calc/E[0]                                                     | reset_IBUF                          |               12 |             40 |         3.33 |
|  ov7670_pclk_ff_BUFG           | U_MeanShiftCore/U_MeanShift_ControlUnit/w_sum_reg0                  | reset_IBUF                          |               65 |            256 |         3.94 |
+--------------------------------+---------------------------------------------------------------------+-------------------------------------+------------------+----------------+--------------+


