Copyright 1986-2020 Xilinx, Inc. All Rights Reserved.
-------------------------------------------------------------------------------------------------------------------------------------------------------------------------------
| Tool Version     : Vivado v.2020.2 (win64) Build 3064766 Wed Nov 18 09:12:45 MST 2020
| Date             : Tue Jul 29 11:42:39 2025
| Host             : DESKTOP-7CFQ9ND running 64-bit major release  (build 9200)
| Command          : report_power -file OV7640_HDMI_Display_power_routed.rpt -pb OV7640_HDMI_Display_power_summary_routed.pb -rpx OV7640_HDMI_Display_power_routed.rpx
| Design           : OV7640_HDMI_Display
| Device           : xc7z020clg400-1
| Design State     : routed
| Grade            : commercial
| Process          : typical
| Characterization : Production
-------------------------------------------------------------------------------------------------------------------------------------------------------------------------------

Power Report

Table of Contents
-----------------
1. Summary
1.1 On-Chip Components
1.2 Power Supply Summary
1.3 Confidence Level
2. Settings
2.1 Environment
2.2 Clock Constraints
3. Detailed Reports
3.1 By Hierarchy

1. Summary
----------

+--------------------------+--------------+
| Total On-Chip Power (W)  | 1.215        |
| Design Power Budget (W)  | Unspecified* |
| Power Budget Margin (W)  | NA           |
| Dynamic (W)              | 1.085        |
| Device Static (W)        | 0.130        |
| Effective TJA (C/W)      | 11.5         |
| Max Ambient (C)          | 71.0         |
| Junction Temperature (C) | 39.0         |
| Confidence Level         | Low          |
| Setting File             | ---          |
| Simulation Activity File | ---          |
| Design Nets Matched      | NA           |
+--------------------------+--------------+
* Specify Design Power Budget using, set_operating_conditions -design_power_budget <value in Watts>


1.1 On-Chip Components
----------------------

+--------------------------+-----------+----------+-----------+-----------------+
| On-Chip                  | Power (W) | Used     | Available | Utilization (%) |
+--------------------------+-----------+----------+-----------+-----------------+
| Clocks                   |     0.006 |        6 |       --- |             --- |
| Slice Logic              |     0.381 |    23825 |       --- |             --- |
|   LUT as Logic           |     0.322 |    14408 |     53200 |           27.08 |
|   CARRY4                 |     0.057 |     3066 |     13300 |           23.05 |
|   F7/F8 Muxes            |     0.001 |     1287 |     53200 |            2.42 |
|   Register               |    <0.001 |     4065 |    106400 |            3.82 |
|   LUT as Distributed RAM |    <0.001 |       72 |     17400 |            0.41 |
|   BUFG                   |    <0.001 |        1 |        32 |            3.13 |
|   Others                 |     0.000 |       53 |       --- |             --- |
| Signals                  |     0.396 |    19906 |       --- |             --- |
| Block RAM                |     0.028 |     60.5 |       140 |           43.21 |
| MMCM                     |     0.106 |        1 |         4 |           25.00 |
| DSPs                     |     0.015 |       11 |       220 |            5.00 |
| I/O                      |     0.152 |       30 |       125 |           24.00 |
| Static Power             |     0.130 |          |           |                 |
| Total                    |     1.215 |          |           |                 |
+--------------------------+-----------+----------+-----------+-----------------+


1.2 Power Supply Summary
------------------------

+-----------+-------------+-----------+-------------+------------+-------------+-------------+------------+
| Source    | Voltage (V) | Total (A) | Dynamic (A) | Static (A) | Powerup (A) | Budget (A)  | Margin (A) |
+-----------+-------------+-----------+-------------+------------+-------------+-------------+------------+
| Vccint    |       1.000 |     0.838 |       0.825 |      0.014 |       NA    | Unspecified | NA         |
| Vccaux    |       1.800 |     0.073 |       0.060 |      0.013 |       NA    | Unspecified | NA         |
| Vcco33    |       3.300 |     0.046 |       0.045 |      0.001 |       NA    | Unspecified | NA         |
| Vcco25    |       2.500 |     0.000 |       0.000 |      0.000 |       NA    | Unspecified | NA         |
| Vcco18    |       1.800 |     0.000 |       0.000 |      0.000 |       NA    | Unspecified | NA         |
| Vcco15    |       1.500 |     0.000 |       0.000 |      0.000 |       NA    | Unspecified | NA         |
| Vcco135   |       1.350 |     0.000 |       0.000 |      0.000 |       NA    | Unspecified | NA         |
| Vcco12    |       1.200 |     0.000 |       0.000 |      0.000 |       NA    | Unspecified | NA         |
| Vccaux_io |       1.800 |     0.000 |       0.000 |      0.000 |       NA    | Unspecified | NA         |
| Vccbram   |       1.000 |     0.006 |       0.002 |      0.004 |       NA    | Unspecified | NA         |
| MGTAVcc   |       1.000 |     0.000 |       0.000 |      0.000 |       NA    | Unspecified | NA         |
| MGTAVtt   |       1.200 |     0.000 |       0.000 |      0.000 |       NA    | Unspecified | NA         |
| MGTVccaux |       1.800 |     0.000 |       0.000 |      0.000 |       NA    | Unspecified | NA         |
| Vccpint   |       1.000 |     0.025 |       0.000 |      0.025 |       NA    | Unspecified | NA         |
| Vccpaux   |       1.800 |     0.010 |       0.000 |      0.010 |       NA    | Unspecified | NA         |
| Vccpll    |       1.800 |     0.003 |       0.000 |      0.003 |       NA    | Unspecified | NA         |
| Vcco_ddr  |       1.500 |     0.000 |       0.000 |      0.000 |       NA    | Unspecified | NA         |
| Vcco_mio0 |       1.800 |     0.000 |       0.000 |      0.000 |       NA    | Unspecified | NA         |
| Vcco_mio1 |       1.800 |     0.000 |       0.000 |      0.000 |       NA    | Unspecified | NA         |
| Vccadc    |       1.800 |     0.020 |       0.000 |      0.020 |       NA    | Unspecified | NA         |
+-----------+-------------+-----------+-------------+------------+-------------+-------------+------------+


1.3 Confidence Level
--------------------

+-----------------------------+------------+--------------------------------------------------------+--------------------------------------------------------------------------------------------------------------------+
| User Input Data             | Confidence | Details                                                | Action                                                                                                             |
+-----------------------------+------------+--------------------------------------------------------+--------------------------------------------------------------------------------------------------------------------+
| Design implementation state | High       | Design is routed                                       |                                                                                                                    |
| Clock nodes activity        | Low        | User specified less than 75% of clocks                 | Provide missing clock activity with a constraint file, simulation results or by editing the "By Clock Domain" view |
| I/O nodes activity          | Low        | More than 75% of inputs are missing user specification | Provide missing input activity with simulation results or by editing the "By Resource Type -> I/Os" view           |
| Internal nodes activity     | Medium     | User specified less than 25% of internal nodes         | Provide missing internal nodes activity with simulation results or by editing the "By Resource Type" views         |
| Device models               | High       | Device models are Production                           |                                                                                                                    |
|                             |            |                                                        |                                                                                                                    |
| Overall confidence level    | Low        |                                                        |                                                                                                                    |
+-----------------------------+------------+--------------------------------------------------------+--------------------------------------------------------------------------------------------------------------------+


2. Settings
-----------

2.1 Environment
---------------

+-----------------------+------------------------+
| Ambient Temp (C)      | 25.0                   |
| ThetaJA (C/W)         | 11.5                   |
| Airflow (LFM)         | 250                    |
| Heat Sink             | none                   |
| ThetaSA (C/W)         | 0.0                    |
| Board Selection       | medium (10"x10")       |
| # of Board Layers     | 8to11 (8 to 11 Layers) |
| Board Temperature (C) | 25.0                   |
+-----------------------+------------------------+


2.2 Clock Constraints
---------------------

+----------------+------------------------------+-----------------+
| Clock          | Domain                       | Constraint (ns) |
+----------------+------------------------------+-----------------+
| DCM_TMDS_CLKFX | U_HDMI_TX_TOP/DCM_TMDS_CLKFX |             4.0 |
| MMCM_pix_clock | U_HDMI_TX_TOP/MMCM_pix_clock |            40.0 |
| clkfb_in       | U_HDMI_TX_TOP/clkfb_in       |            10.0 |
| sys_clk_pin    | clk                          |            10.0 |
+----------------+------------------------------+-----------------+


3. Detailed Reports
-------------------

3.1 By Hierarchy
----------------

+------------------------------+-----------+
| Name                         | Power (W) |
+------------------------------+-----------+
| OV7640_HDMI_Display          |     1.085 |
|   U_BackProjection           |     0.019 |
|     U_BPBuffer               |     0.015 |
|     U_SimilarityCalc         |     0.003 |
|   U_BackProjection2          |     0.014 |
|     U_BPBuffer               |     0.014 |
|   U_HDMI_TX_TOP              |     0.246 |
|   U_Histogram                |     0.065 |
|     U_Histogram_Control_Unit |     0.060 |
|     U_Histrogram_ram         |     0.004 |
|   U_MeanShiftCore            |     0.580 |
|     U_MeanShift_ControlUnit  |     0.003 |
|     U_MeanShift_Datapath     |     0.577 |
|   U_OV7670_MemController     |     0.124 |
|   U_SCCB_intf                |     0.002 |
|     U_SCCB                   |     0.001 |
|   scale_Calc                 |     0.014 |
+------------------------------+-----------+


